Command line invocation:
    /Applications/Xcode.app/Contents/Developer/usr/bin/xcodebuild build -project PocketBiomeQuest.xcodeproj -scheme PocketBiomeQuest -destination "platform=iOS Simulator,name=iPhone 17" -derivedDataPath DerivedData

ComputePackagePrebuildTargetDependencyGraph

Prepare packages

CreateBuildRequest

SendProjectDescription

CreateBuildOperation

ComputeTargetDependencyGraph
note: Building targets in dependency order
note: Target dependency graph (1 target)
    Target 'PocketBiomeQuest' in project 'PocketBiomeQuest' (no dependencies)

GatherProvisioningInputs

CreateBuildDescription

ClangStatCache /Applications/Xcode.app/Contents/Developer/Toolchains/XcodeDefault.xctoolchain/usr/bin/clang-stat-cache /Applications/Xcode.app/Contents/Developer/Platforms/iPhoneSimulator.platform/Developer/SDKs/iPhoneSimulator26.5.sdk /Users/wangrenzhu/work/PocketBiomeQuest/DerivedData/SDKStatCaches.noindex/iphonesimulator26.5-23F81a-6cfe768891a92b912361537c460fe42b.sdkstatcache
    cd /Users/wangrenzhu/work/PocketBiomeQuest/PocketBiomeQuest.xcodeproj
    /Applications/Xcode.app/Contents/Developer/Toolchains/XcodeDefault.xctoolchain/usr/bin/clang-stat-cache /Applications/Xcode.app/Contents/Developer/Platforms/iPhoneSimulator.platform/Developer/SDKs/iPhoneSimulator26.5.sdk -o /Users/wangrenzhu/work/PocketBiomeQuest/DerivedData/SDKStatCaches.noindex/iphonesimulator26.5-23F81a-6cfe768891a92b912361537c460fe42b.sdkstatcache

ProcessProductPackaging "" /Users/wangrenzhu/work/PocketBiomeQuest/DerivedData/Build/Intermediates.noindex/PocketBiomeQuest.build/Debug-iphonesimulator/PocketBiomeQuest.build/PocketBiomeQuest.app-Simulated.xcent (in target 'PocketBiomeQuest' from project 'PocketBiomeQuest')
    cd /Users/wangrenzhu/work/PocketBiomeQuest
    
    Entitlements:
    
    {
    "application-identifier" = "FAKETEAMID.com.appfactory.pocketbiomequest";
}
    
    builtin-productPackagingUtility -entitlements -format xml -o /Users/wangrenzhu/work/PocketBiomeQuest/DerivedData/Build/Intermediates.noindex/PocketBiomeQuest.build/Debug-iphonesimulator/PocketBiomeQuest.build/PocketBiomeQuest.app-Simulated.xcent

ProcessProductPackagingDER /Users/wangrenzhu/work/PocketBiomeQuest/DerivedData/Build/Intermediates.noindex/PocketBiomeQuest.build/Debug-iphonesimulator/PocketBiomeQuest.build/PocketBiomeQuest.app-Simulated.xcent /Users/wangrenzhu/work/PocketBiomeQuest/DerivedData/Build/Intermediates.noindex/PocketBiomeQuest.build/Debug-iphonesimulator/PocketBiomeQuest.build/PocketBiomeQuest.app-Simulated.xcent.der (in target 'PocketBiomeQuest' from project 'PocketBiomeQuest')
    cd /Users/wangrenzhu/work/PocketBiomeQuest
    /usr/bin/derq query -f xml -i /Users/wangrenzhu/work/PocketBiomeQuest/DerivedData/Build/Intermediates.noindex/PocketBiomeQuest.build/Debug-iphonesimulator/PocketBiomeQuest.build/PocketBiomeQuest.app-Simulated.xcent -o /Users/wangrenzhu/work/PocketBiomeQuest/DerivedData/Build/Intermediates.noindex/PocketBiomeQuest.build/Debug-iphonesimulator/PocketBiomeQuest.build/PocketBiomeQuest.app-Simulated.xcent.der --raw

ProcessInfoPlistFile /Users/wangrenzhu/work/PocketBiomeQuest/DerivedData/Build/Products/Debug-iphonesimulator/PocketBiomeQuest.app/Info.plist /Users/wangrenzhu/work/PocketBiomeQuest/DerivedData/Build/Intermediates.noindex/PocketBiomeQuest.build/Debug-iphonesimulator/PocketBiomeQuest.build/empty-PocketBiomeQuest.plist (in target 'PocketBiomeQuest' from project 'PocketBiomeQuest')
    cd /Users/wangrenzhu/work/PocketBiomeQuest
    builtin-infoPlistUtility /Users/wangrenzhu/work/PocketBiomeQuest/DerivedData/Build/Intermediates.noindex/PocketBiomeQuest.build/Debug-iphonesimulator/PocketBiomeQuest.build/empty-PocketBiomeQuest.plist -producttype com.apple.product-type.application -genpkginfo /Users/wangrenzhu/work/PocketBiomeQuest/DerivedData/Build/Products/Debug-iphonesimulator/PocketBiomeQuest.app/PkgInfo -expandbuildsettings -format binary -platform iphonesimulator -o /Users/wangrenzhu/work/PocketBiomeQuest/DerivedData/Build/Products/Debug-iphonesimulator/PocketBiomeQuest.app/Info.plist

Ld /Users/wangrenzhu/work/PocketBiomeQuest/DerivedData/Build/Products/Debug-iphonesimulator/PocketBiomeQuest.app/PocketBiomeQuest.debug.dylib normal (in target 'PocketBiomeQuest' from project 'PocketBiomeQuest')
    cd /Users/wangrenzhu/work/PocketBiomeQuest
    /Applications/Xcode.app/Contents/Developer/Toolchains/XcodeDefault.xctoolchain/usr/bin/clang -Xlinker -reproducible -target arm64-apple-ios17.0-simulator -dynamiclib -isysroot /Applications/Xcode.app/Contents/Developer/Platforms/iPhoneSimulator.platform/Developer/SDKs/iPhoneSimulator26.5.sdk -O0 -L/Users/wangrenzhu/work/PocketBiomeQuest/DerivedData/Build/Intermediates.noindex/EagerLinkingTBDs/Debug-iphonesimulator -L/Users/wangrenzhu/work/PocketBiomeQuest/DerivedData/Build/Products/Debug-iphonesimulator -F/Users/wangrenzhu/work/PocketBiomeQuest/DerivedData/Build/Intermediates.noindex/EagerLinkingTBDs/Debug-iphonesimulator -F/Users/wangrenzhu/work/PocketBiomeQuest/DerivedData/Build/Products/Debug-iphonesimulator -filelist /Users/wangrenzhu/work/PocketBiomeQuest/DerivedData/Build/Intermediates.noindex/PocketBiomeQuest.build/Debug-iphonesimulator/PocketBiomeQuest.build/Objects-normal/arm64/PocketBiomeQuest.LinkFileList -install_name @rpath/PocketBiomeQuest.debug.dylib -Xlinker -rpath -Xlinker /usr/lib/swift -Xlinker -rpath -Xlinker @executable_path/Frameworks -Xlinker -dead_strip -Xlinker -object_path_lto -Xlinker /Users/wangrenzhu/work/PocketBiomeQuest/DerivedData/Build/Intermediates.noindex/PocketBiomeQuest.build/Debug-iphonesimulator/PocketBiomeQuest.build/Objects-normal/arm64/PocketBiomeQuest_lto.o -rdynamic -Xlinker -no_deduplicate -Xlinker -objc_abi_version -Xlinker 2 -Xlinker -dependency_info -Xlinker /Users/wangrenzhu/work/PocketBiomeQuest/DerivedData/Build/Intermediates.noindex/PocketBiomeQuest.build/Debug-iphonesimulator/PocketBiomeQuest.build/Objects-normal/arm64/PocketBiomeQuest_dependency_info.dat -fobjc-link-runtime -L/Applications/Xcode.app/Contents/Developer/Toolchains/XcodeDefault.xctoolchain/usr/lib/swift/iphonesimulator -L/usr/lib/swift -Xlinker -add_ast_path -Xlinker /Users/wangrenzhu/work/PocketBiomeQuest/DerivedData/Build/Intermediates.noindex/PocketBiomeQuest.build/Debug-iphonesimulator/PocketBiomeQuest.build/Objects-normal/arm64/PocketBiomeQuest.swiftmodule @/Users/wangrenzhu/work/PocketBiomeQuest/DerivedData/Build/Intermediates.noindex/PocketBiomeQuest.build/Debug-iphonesimulator/PocketBiomeQuest.build/Objects-normal/arm64/PocketBiomeQuest-linker-args.resp -Xlinker -alias -Xlinker _main -Xlinker ___debug_main_executable_dylib_entry_point -framework Foundation -framework StoreKit -Xlinker -no_adhoc_codesign -o /Users/wangrenzhu/work/PocketBiomeQuest/DerivedData/Build/Products/Debug-iphonesimulator/PocketBiomeQuest.app/PocketBiomeQuest.debug.dylib

ConstructStubExecutorLinkFileList /Users/wangrenzhu/work/PocketBiomeQuest/DerivedData/Build/Intermediates.noindex/PocketBiomeQuest.build/Debug-iphonesimulator/PocketBiomeQuest.build/PocketBiomeQuest-ExecutorLinkFileList-normal-arm64.txt (in target 'PocketBiomeQuest' from project 'PocketBiomeQuest')
    cd /Users/wangrenzhu/work/PocketBiomeQuest
    construct-stub-executor-link-file-list /Users/wangrenzhu/work/PocketBiomeQuest/DerivedData/Build/Products/Debug-iphonesimulator/PocketBiomeQuest.app/PocketBiomeQuest.debug.dylib /Applications/Xcode.app/Contents/Developer/Platforms/iPhoneSimulator.platform/Developer/usr/lib/libPreviewsJITStubExecutor_no_swift_entry_point.a /Applications/Xcode.app/Contents/Developer/Platforms/iPhoneSimulator.platform/Developer/usr/lib/libPreviewsJITStubExecutor.a --output /Users/wangrenzhu/work/PocketBiomeQuest/DerivedData/Build/Intermediates.noindex/PocketBiomeQuest.build/Debug-iphonesimulator/PocketBiomeQuest.build/PocketBiomeQuest-ExecutorLinkFileList-normal-arm64.txt
note: Using stub executor library with Swift entry point. (in target 'PocketBiomeQuest' from project 'PocketBiomeQuest')

Ld /Users/wangrenzhu/work/PocketBiomeQuest/DerivedData/Build/Products/Debug-iphonesimulator/PocketBiomeQuest.app/PocketBiomeQuest normal (in target 'PocketBiomeQuest' from project 'PocketBiomeQuest')
    cd /Users/wangrenzhu/work/PocketBiomeQuest
    /Applications/Xcode.app/Contents/Developer/Toolchains/XcodeDefault.xctoolchain/usr/bin/clang -Xlinker -reproducible -target arm64-apple-ios17.0-simulator -isysroot /Applications/Xcode.app/Contents/Developer/Platforms/iPhoneSimulator.platform/Developer/SDKs/iPhoneSimulator26.5.sdk -O0 -L/Users/wangrenzhu/work/PocketBiomeQuest/DerivedData/Build/Products/Debug-iphonesimulator -F/Users/wangrenzhu/work/PocketBiomeQuest/DerivedData/Build/Products/Debug-iphonesimulator -Xlinker -rpath -Xlinker @executable_path -Xlinker -rpath -Xlinker @executable_path/Frameworks -rdynamic -Xlinker -no_deduplicate -Xlinker -objc_abi_version -Xlinker 2 -e ___debug_blank_executor_main -Xlinker -sectcreate -Xlinker __TEXT -Xlinker __debug_dylib -Xlinker /Users/wangrenzhu/work/PocketBiomeQuest/DerivedData/Build/Intermediates.noindex/PocketBiomeQuest.build/Debug-iphonesimulator/PocketBiomeQuest.build/PocketBiomeQuest-DebugDylibPath-normal-arm64.txt -Xlinker -sectcreate -Xlinker __TEXT -Xlinker __debug_instlnm -Xlinker /Users/wangrenzhu/work/PocketBiomeQuest/DerivedData/Build/Intermediates.noindex/PocketBiomeQuest.build/Debug-iphonesimulator/PocketBiomeQuest.build/PocketBiomeQuest-DebugDylibInstallName-normal-arm64.txt -Xlinker -filelist -Xlinker /Users/wangrenzhu/work/PocketBiomeQuest/DerivedData/Build/Intermediates.noindex/PocketBiomeQuest.build/Debug-iphonesimulator/PocketBiomeQuest.build/PocketBiomeQuest-ExecutorLinkFileList-normal-arm64.txt -Xlinker -sectcreate -Xlinker __TEXT -Xlinker __entitlements -Xlinker /Users/wangrenzhu/work/PocketBiomeQuest/DerivedData/Build/Intermediates.noindex/PocketBiomeQuest.build/Debug-iphonesimulator/PocketBiomeQuest.build/PocketBiomeQuest.app-Simulated.xcent -Xlinker -sectcreate -Xlinker __TEXT -Xlinker __ents_der -Xlinker /Users/wangrenzhu/work/PocketBiomeQuest/DerivedData/Build/Intermediates.noindex/PocketBiomeQuest.build/Debug-iphonesimulator/PocketBiomeQuest.build/PocketBiomeQuest.app-Simulated.xcent.der /Users/wangrenzhu/work/PocketBiomeQuest/DerivedData/Build/Products/Debug-iphonesimulator/PocketBiomeQuest.app/PocketBiomeQuest.debug.dylib -Xlinker -no_adhoc_codesign -o /Users/wangrenzhu/work/PocketBiomeQuest/DerivedData/Build/Products/Debug-iphonesimulator/PocketBiomeQuest.app/PocketBiomeQuest

CopySwiftLibs /Users/wangrenzhu/work/PocketBiomeQuest/DerivedData/Build/Products/Debug-iphonesimulator/PocketBiomeQuest.app (in target 'PocketBiomeQuest' from project 'PocketBiomeQuest')
    cd /Users/wangrenzhu/work/PocketBiomeQuest
    builtin-swiftStdLibTool --copy --verbose --sign - --scan-executable /Users/wangrenzhu/work/PocketBiomeQuest/DerivedData/Build/Products/Debug-iphonesimulator/PocketBiomeQuest.app/PocketBiomeQuest.debug.dylib --scan-folder /Users/wangrenzhu/work/PocketBiomeQuest/DerivedData/Build/Products/Debug-iphonesimulator/PocketBiomeQuest.app/Frameworks --scan-folder /Users/wangrenzhu/work/PocketBiomeQuest/DerivedData/Build/Products/Debug-iphonesimulator/PocketBiomeQuest.app/PlugIns --scan-folder /Users/wangrenzhu/work/PocketBiomeQuest/DerivedData/Build/Products/Debug-iphonesimulator/PocketBiomeQuest.app/SystemExtensions --scan-folder /Users/wangrenzhu/work/PocketBiomeQuest/DerivedData/Build/Products/Debug-iphonesimulator/PocketBiomeQuest.app/Extensions --scan-folder /Applications/Xcode.app/Contents/Developer/Platforms/iPhoneOS.platform/Developer/SDKs/iPhoneOS26.0.sdk/System/Library/Frameworks/Foundation.framework --scan-folder /Users/wangrenzhu/work/PocketBiomeQuest/System/Library/Frameworks/StoreKit.framework --platform iphonesimulator --toolchain /Applications/Xcode.app/Contents/Developer/Toolchains/XcodeDefault.xctoolchain --destination /Users/wangrenzhu/work/PocketBiomeQuest/DerivedData/Build/Products/Debug-iphonesimulator/PocketBiomeQuest.app/Frameworks --strip-bitcode --strip-bitcode-tool /Applications/Xcode.app/Contents/Developer/Toolchains/XcodeDefault.xctoolchain/usr/bin/bitcode_strip --emit-dependency-info /Users/wangrenzhu/work/PocketBiomeQuest/DerivedData/Build/Intermediates.noindex/PocketBiomeQuest.build/Debug-iphonesimulator/PocketBiomeQuest.build/SwiftStdLibToolInputDependencies.dep --filter-for-swift-os

ExtractAppIntentsMetadata (in target 'PocketBiomeQuest' from project 'PocketBiomeQuest')
    cd /Users/wangrenzhu/work/PocketBiomeQuest
    /Applications/Xcode.app/Contents/Developer/Toolchains/XcodeDefault.xctoolchain/usr/bin/appintentsmetadataprocessor --toolchain-dir /Applications/Xcode.app/Contents/Developer/Toolchains/XcodeDefault.xctoolchain --module-name PocketBiomeQuest --sdk-root /Applications/Xcode.app/Contents/Developer/Platforms/iPhoneSimulator.platform/Developer/SDKs/iPhoneSimulator26.5.sdk --xcode-version 17F113 --platform-family iOS --deployment-target 17.0 --bundle-identifier com.appfactory.pocketbiomequest --output /Users/wangrenzhu/work/PocketBiomeQuest/DerivedData/Build/Products/Debug-iphonesimulator/PocketBiomeQuest.app --target-triple arm64-apple-ios17.0-simulator --binary-file /Users/wangrenzhu/work/PocketBiomeQuest/DerivedData/Build/Products/Debug-iphonesimulator/PocketBiomeQuest.app/PocketBiomeQuest --dependency-file /Users/wangrenzhu/work/PocketBiomeQuest/DerivedData/Build/Intermediates.noindex/PocketBiomeQuest.build/Debug-iphonesimulator/PocketBiomeQuest.build/Objects-normal/arm64/PocketBiomeQuest_dependency_info.dat --stringsdata-file /Users/wangrenzhu/work/PocketBiomeQuest/DerivedData/Build/Intermediates.noindex/PocketBiomeQuest.build/Debug-iphonesimulator/PocketBiomeQuest.build/Objects-normal/arm64/ExtractedAppShortcutsMetadata.stringsdata --source-file-list /Users/wangrenzhu/work/PocketBiomeQuest/DerivedData/Build/Intermediates.noindex/PocketBiomeQuest.build/Debug-iphonesimulator/PocketBiomeQuest.build/Objects-normal/arm64/PocketBiomeQuest.SwiftFileList --metadata-file-list /Users/wangrenzhu/work/PocketBiomeQuest/DerivedData/Build/Intermediates.noindex/PocketBiomeQuest.build/Debug-iphonesimulator/PocketBiomeQuest.build/PocketBiomeQuest.DependencyMetadataFileList --static-metadata-file-list /Users/wangrenzhu/work/PocketBiomeQuest/DerivedData/Build/Intermediates.noindex/PocketBiomeQuest.build/Debug-iphonesimulator/PocketBiomeQuest.build/PocketBiomeQuest.DependencyStaticMetadataFileList --swift-const-vals-list /Users/wangrenzhu/work/PocketBiomeQuest/DerivedData/Build/Intermediates.noindex/PocketBiomeQuest.build/Debug-iphonesimulator/PocketBiomeQuest.build/Objects-normal/arm64/PocketBiomeQuest.SwiftConstValuesFileList --compile-time-extraction --deployment-aware-processing --validate-assistant-intents --no-app-shortcuts-localization
2026-07-08 23:28:40.351 appintentsmetadataprocessor[28009:270222785] Starting appintentsmetadataprocessor export
2026-07-08 23:28:40.353 appintentsmetadataprocessor[28009:270222785] warning: Metadata extraction skipped. No AppIntents.framework dependency found.

CodeSign /Users/wangrenzhu/work/PocketBiomeQuest/DerivedData/Build/Products/Debug-iphonesimulator/PocketBiomeQuest.app/PocketBiomeQuest.debug.dylib (in target 'PocketBiomeQuest' from project 'PocketBiomeQuest')
    cd /Users/wangrenzhu/work/PocketBiomeQuest
    
    Signing Identity:     "Sign to Run Locally"
    
    /usr/bin/codesign --force --sign - --timestamp\=none --generate-entitlement-der /Users/wangrenzhu/work/PocketBiomeQuest/DerivedData/Build/Products/Debug-iphonesimulator/PocketBiomeQuest.app/PocketBiomeQuest.debug.dylib

CodeSign /Users/wangrenzhu/work/PocketBiomeQuest/DerivedData/Build/Products/Debug-iphonesimulator/PocketBiomeQuest.app/__preview.dylib (in target 'PocketBiomeQuest' from project 'PocketBiomeQuest')
    cd /Users/wangrenzhu/work/PocketBiomeQuest
    
    Signing Identity:     "Sign to Run Locally"
    
    /usr/bin/codesign --force --sign - --timestamp\=none --generate-entitlement-der /Users/wangrenzhu/work/PocketBiomeQuest/DerivedData/Build/Products/Debug-iphonesimulator/PocketBiomeQuest.app/__preview.dylib
/Users/wangrenzhu/work/PocketBiomeQuest/DerivedData/Build/Products/Debug-iphonesimulator/PocketBiomeQuest.app/__preview.dylib: replacing existing signature

CodeSign /Users/wangrenzhu/work/PocketBiomeQuest/DerivedData/Build/Products/Debug-iphonesimulator/PocketBiomeQuest.app (in target 'PocketBiomeQuest' from project 'PocketBiomeQuest')
    cd /Users/wangrenzhu/work/PocketBiomeQuest
    
    Signing Identity:     "Sign to Run Locally"
    
    /usr/bin/codesign --force --sign - --timestamp\=none --generate-entitlement-der /Users/wangrenzhu/work/PocketBiomeQuest/DerivedData/Build/Products/Debug-iphonesimulator/PocketBiomeQuest.app

Validate /Users/wangrenzhu/work/PocketBiomeQuest/DerivedData/Build/Products/Debug-iphonesimulator/PocketBiomeQuest.app (in target 'PocketBiomeQuest' from project 'PocketBiomeQuest')
    cd /Users/wangrenzhu/work/PocketBiomeQuest
    builtin-validationUtility /Users/wangrenzhu/work/PocketBiomeQuest/DerivedData/Build/Products/Debug-iphonesimulator/PocketBiomeQuest.app -shallow-bundle -infoplist-subpath Info.plist

note: Removed stale file '/Users/wangrenzhu/work/PocketBiomeQuest/DerivedData/Build/Products/Debug-iphonesimulator/PocketBiomeQuest.app/Frameworks'

note: Removed stale file '/Users/wangrenzhu/work/PocketBiomeQuest/DerivedData/Build/Products/Debug-iphonesimulator/PocketBiomeQuest.app/PlugIns'

** BUILD SUCCEEDED **

